======================================================================
UC Davis Proteomics Core — Comprehensive Impact Report Generator
Date: 2026-04-12
======================================================================

[1/6] NIH Reporter API...
  NIH: proteomics_core_text...
    Found 139 results
  NIH: genome_center_proteomics...
    Found 37 results
  NIH: mass_spec_core...
    Found 154 results
  NIH: pi_phinney...
    Found 3 results
  NIH: pi_kueltz...
    Found 0 results
  NIH: pi_kultz_umlaut...
    Found 7 results
  NIH total raw: 340, deduplicated: 46

[2/6] NIH Reporter Publications + iCite Citations...
  NIH Publications: searching for papers linked to 3 instrument grants...
    Found 70 unique publications across instrument grants
    Fetching citation metrics from iCite for 70 publications...
    Got metrics for 70 publications

[3/6] NSF Award API...
  NSF: keyword='proteomics'...
    Found 25 results
  NSF: keyword='mass spectrometry'...
    Found 210 results
  NSF: keyword='proteomic'...
    Found 12 results
  NSF: PI='Dietmar Kültz'...
    Found 9 results
  NSF deduplicated total: 73

[4/6] PubMed E-utilities...
  PubMed: searching for core personnel publications...
    Found 165 publications
    Fetching details for 165 publications...
    Parsed 165 publications with details
    Extracted 299 unique grant numbers from publications

[5/6] Submission & Order Analytics...
  Loaded 4311 submissions from submissions_export_full.csv
  Loaded 2826 orders from orders.csv

[6/6] PI Grant Discovery (searching NIH/NSF for each submission PI)...
  231 unique PIs found, searching top 200 (by frequency + recency)...
    Searched 10/231 PIs...
    Searched 20/231 PIs...
    Searched 30/231 PIs...
    Searched 40/231 PIs...
    Searched 50/231 PIs...
    Searched 60/231 PIs...
    Searched 70/231 PIs...
    Searched 80/231 PIs...
    Searched 90/231 PIs...
    Searched 100/231 PIs...
    Searched 110/231 PIs...
    Searched 120/231 PIs...
    Searched 130/231 PIs...
    Searched 140/231 PIs...
    Searched 150/231 PIs...
    Searched 160/231 PIs...
    Searched 170/231 PIs...
    Searched 180/231 PIs...
    Searched 190/231 PIs...
    Done. 144 PIs with active NIH grants, 24 with active NSF awards
    Total active NIH: 3102 grants, $1,565,501,695
    Total active NSF: 45 awards, $86,195,624
    UC Davis: 64 PIs, $610,486,528 | External: 85 PIs, $1,041,210,791

Generating figures...
    Saved: nih_funding_by_institute.png
    Saved: nih_funding_by_decade.png
    Saved: submissions_by_month.png
    Saved: ucd_vs_external.png
    Saved: top_organisms.png
    Saved: top_pis_by_submissions.png
    Saved: institutions_served.png
    Saved: grants_overview.png
    Saved: revenue_by_year.png

Generating reports...
  Markdown: /Users/brettphinney/Documents/proteomics_web_site/reports/impact_report_2026-04-12.md
  Latest: /Users/brettphinney/Documents/proteomics_web_site/reports/impact_report_latest.md
  MS-only Markdown: /Users/brettphinney/Documents/proteomics_web_site/reports/impact_report_ms_only_2026-04-12.md
  MS-only Latest: /Users/brettphinney/Documents/proteomics_web_site/reports/impact_report_ms_only_latest.md
  AAA-only Markdown: /Users/brettphinney/Documents/proteomics_web_site/reports/impact_report_aaa_only_2026-04-12.md
  AAA-only Latest: /Users/brettphinney/Documents/proteomics_web_site/reports/impact_report_aaa_only_latest.md
  NIH CSV: /Users/brettphinney/Documents/proteomics_web_site/reports/nih_grants_2026-04-12.csv
  NSF CSV: /Users/brettphinney/Documents/proteomics_web_site/reports/nsf_awards_2026-04-12.csv
  Publications CSV: /Users/brettphinney/Documents/proteomics_web_site/reports/publications_2026-04-12.csv
  Core User Grants CSV: /Users/brettphinney/Documents/proteomics_web_site/reports/core_user_grants_2026-04-12.csv
  JSON: /Users/brettphinney/Documents/proteomics_web_site/reports/impact_data.json

Generating PDFs...
  Executive Summary PDF: /Users/brettphinney/Documents/proteomics_web_site/reports/executive_summary.pdf
  Data Index PDF: /Users/brettphinney/Documents/proteomics_web_site/reports/data_index.pdf

======================================================================
COMPREHENSIVE IMPACT SUMMARY
======================================================================
  NIH:  46 grants, $26,628,668 funding, 8 active
  NSF:  73 awards, $34,108,343 funding
  Pubs: 165 publications, 299 grant numbers extracted
  Usage: 4311 submissions, 8,866 samples, 1514 PIs, 643 institutions
  Instrument grant pubs: 70 publications, 2,098 total citations
  Revenue: $5,478,062 total (MS: $4,102,861, AAA: $1,145,882)
  PI Grants: 144 PIs with NIH, 24 with NSF, $1,651,697,319 total active funding held by core users
  Cross-refs: 48 PIs matched between submissions and grants

